android/app/build/intermediates/manifest_merge_blame_file/release/processReleaseMainManifest/manifest-merger-blame-release-report.txt
1<?xml version="1.0" encoding="utf-8"?>
2<manifest xmlns:android="http://schemas.android.com/apk/res/android"
3    package="com.w3cart"
4    android:versionCode="1"
5    android:versionName="1.0" >
6
7    <uses-sdk
8        android:minSdkVersion="24"
9        android:targetSdkVersion="35" />
10
11    <uses-permission android:name="android.permission.INTERNET" />
11-->src/main/AndroidManifest.xml:3:5-67
11-->src/main/AndroidManifest.xml:3:22-64
12    <uses-permission android:name="android.permission.POST_NOTIFICATIONS" />
12-->src/main/AndroidManifest.xml:4:7-79
12-->src/main/AndroidManifest.xml:4:24-76
13
14    <meta-data
14-->src/main/AndroidManifest.xml:6:1-8:62
15        android:name="com.onesignal.NotificationIcon"
15-->src/main/AndroidManifest.xml:7:5-50
16        android:resource="@drawable/ic_stat_onesignal_default" />
16-->src/main/AndroidManifest.xml:8:5-59
17
18    <!-- optional but helpful -->
19    <meta-data
19-->src/main/AndroidManifest.xml:11:1-13:30
20        android:name="com.onesignal.NotificationAccentColor"
20-->src/main/AndroidManifest.xml:12:5-57
21        android:value="FF3D00" />
21-->src/main/AndroidManifest.xml:13:5-27
22
23    <uses-permission android:name="android.permission.WAKE_LOCK" />
23-->[:react-native-firebase_auth] AndroidManifest.xml:8:5-68
23-->[:react-native-firebase_auth] AndroidManifest.xml:8:22-65
24    <uses-permission android:name="android.permission.ACCESS_NETWORK_STATE" /> <!-- See https://developer.android.com/training/package-visibility/declaring for more details. -->
24-->[:react-native-firebase_auth] AndroidManifest.xml:9:5-79
24-->[:react-native-firebase_auth] AndroidManifest.xml:9:22-76
25    <queries>
25-->[com.stripe:financial-connections:21.29.2] AndroidManifest.xml:10:5-18:15
26
27        <!-- Added to check the default browser that will host the AuthFlow. -->
28        <intent>
28-->[com.stripe:financial-connections:21.29.2] AndroidManifest.xml:13:9-17:18
29            <action android:name="android.intent.action.VIEW" />
29-->[com.stripe:financial-connections:21.29.2] AndroidManifest.xml:14:13-65
29-->[com.stripe:financial-connections:21.29.2] AndroidManifest.xml:14:21-62
30
31            <data android:scheme="http" />
31-->[com.stripe:financial-connections:21.29.2] AndroidManifest.xml:16:13-43
31-->[com.stripe:financial-connections:21.29.2] AndroidManifest.xml:16:19-40
32        </intent>
33        <!-- Added to check if Chrome is installed for browser-based payment authentication (e.g. 3DS1). -->
34        <package android:name="com.android.chrome" /> <!-- Needs to be explicitly declared on Android R+ -->
34-->[com.stripe:payments-core:21.29.2] AndroidManifest.xml:11:9-54
34-->[com.stripe:payments-core:21.29.2] AndroidManifest.xml:11:18-51
35        <package android:name="com.google.android.apps.maps" />
35-->[com.google.android.gms:play-services-maps:19.1.0] AndroidManifest.xml:29:7-61
35-->[com.google.android.gms:play-services-maps:19.1.0] AndroidManifest.xml:29:16-59
36    </queries> <!-- Create a unique permission for your app and use it so only your app can receive your OneSignal messages. -->
37    <permission
37-->[com.onesignal:notifications:5.1.38] AndroidManifest.xml:8:5-10:47
38        android:name="com.w3cart.permission.C2D_MESSAGE"
38-->[com.onesignal:notifications:5.1.38] AndroidManifest.xml:9:9-63
39        android:protectionLevel="signature" />
39-->[com.onesignal:notifications:5.1.38] AndroidManifest.xml:10:9-44
40
41    <uses-permission android:name="com.w3cart.permission.C2D_MESSAGE" /> <!-- c2dm RECEIVE are basic requirements for push messages through Google's FCM -->
41-->[com.onesignal:notifications:5.1.38] AndroidManifest.xml:12:5-79
41-->[com.onesignal:notifications:5.1.38] AndroidManifest.xml:12:22-76
42    <uses-permission android:name="com.google.android.c2dm.permission.RECEIVE" />
42-->[com.onesignal:notifications:5.1.38] AndroidManifest.xml:17:5-82
42-->[com.onesignal:notifications:5.1.38] AndroidManifest.xml:17:22-79
43    <!--
44 Required so the device vibrates on receiving a push notification.
45         Vibration settings of the device still apply.
46    -->
47    <uses-permission android:name="android.permission.VIBRATE" />
47-->[com.onesignal:notifications:5.1.38] AndroidManifest.xml:22:5-66
47-->[com.onesignal:notifications:5.1.38] AndroidManifest.xml:22:22-63
48    <!--
49 Use to restore notifications the user hasn't interacted with.
50     They could be missed notifications if the user reboots their device if this isn't in place.
51    -->
52    <uses-permission android:name="android.permission.RECEIVE_BOOT_COMPLETED" /> <!-- START: ShortcutBadger -->
52-->[com.onesignal:notifications:5.1.38] AndroidManifest.xml:27:5-81
52-->[com.onesignal:notifications:5.1.38] AndroidManifest.xml:27:22-78
53    <!-- Samsung -->
54    <uses-permission android:name="com.sec.android.provider.badge.permission.READ" />
54-->[com.onesignal:notifications:5.1.38] AndroidManifest.xml:29:5-86
54-->[com.onesignal:notifications:5.1.38] AndroidManifest.xml:29:22-83
55    <uses-permission android:name="com.sec.android.provider.badge.permission.WRITE" /> <!-- HTC -->
55-->[com.onesignal:notifications:5.1.38] AndroidManifest.xml:30:5-87
55-->[com.onesignal:notifications:5.1.38] AndroidManifest.xml:30:22-84
56    <uses-permission android:name="com.htc.launcher.permission.READ_SETTINGS" />
56-->[com.onesignal:notifications:5.1.38] AndroidManifest.xml:31:5-81
56-->[com.onesignal:notifications:5.1.38] AndroidManifest.xml:31:22-78
57    <uses-permission android:name="com.htc.launcher.permission.UPDATE_SHORTCUT" /> <!-- Sony -->
57-->[com.onesignal:notifications:5.1.38] AndroidManifest.xml:32:5-83
57-->[com.onesignal:notifications:5.1.38] AndroidManifest.xml:32:22-80
58    <uses-permission android:name="com.sonyericsson.home.permission.BROADCAST_BADGE" />
58-->[com.onesignal:notifications:5.1.38] AndroidManifest.xml:33:5-88
58-->[com.onesignal:notifications:5.1.38] AndroidManifest.xml:33:22-85
59    <uses-permission android:name="com.sonymobile.home.permission.PROVIDER_INSERT_BADGE" /> <!-- Apex -->
59-->[com.onesignal:notifications:5.1.38] AndroidManifest.xml:34:5-92
59-->[com.onesignal:notifications:5.1.38] AndroidManifest.xml:34:22-89
60    <uses-permission android:name="com.anddoes.launcher.permission.UPDATE_COUNT" /> <!-- Solid -->
60-->[com.onesignal:notifications:5.1.38] AndroidManifest.xml:35:5-84
60-->[com.onesignal:notifications:5.1.38] AndroidManifest.xml:35:22-81
61    <uses-permission android:name="com.majeur.launcher.permission.UPDATE_BADGE" /> <!-- Huawei -->
61-->[com.onesignal:notifications:5.1.38] AndroidManifest.xml:36:5-83
61-->[com.onesignal:notifications:5.1.38] AndroidManifest.xml:36:22-80
62    <uses-permission android:name="com.huawei.android.launcher.permission.CHANGE_BADGE" />
62-->[com.onesignal:notifications:5.1.38] AndroidManifest.xml:37:5-91
62-->[com.onesignal:notifications:5.1.38] AndroidManifest.xml:37:22-88
63    <uses-permission android:name="com.huawei.android.launcher.permission.READ_SETTINGS" />
63-->[com.onesignal:notifications:5.1.38] AndroidManifest.xml:38:5-92
63-->[com.onesignal:notifications:5.1.38] AndroidManifest.xml:38:22-89
64    <uses-permission android:name="com.huawei.android.launcher.permission.WRITE_SETTINGS" /> <!-- ZUK -->
64-->[com.onesignal:notifications:5.1.38] AndroidManifest.xml:39:5-93
64-->[com.onesignal:notifications:5.1.38] AndroidManifest.xml:39:22-90
65    <uses-permission android:name="android.permission.READ_APP_BADGE" /> <!-- OPPO -->
65-->[com.onesignal:notifications:5.1.38] AndroidManifest.xml:40:5-73
65-->[com.onesignal:notifications:5.1.38] AndroidManifest.xml:40:22-70
66    <uses-permission android:name="com.oppo.launcher.permission.READ_SETTINGS" />
66-->[com.onesignal:notifications:5.1.38] AndroidManifest.xml:41:5-82
66-->[com.onesignal:notifications:5.1.38] AndroidManifest.xml:41:22-79
67    <uses-permission android:name="com.oppo.launcher.permission.WRITE_SETTINGS" /> <!-- EvMe -->
67-->[com.onesignal:notifications:5.1.38] AndroidManifest.xml:42:5-83
67-->[com.onesignal:notifications:5.1.38] AndroidManifest.xml:42:22-80
68    <uses-permission android:name="me.everything.badger.permission.BADGE_COUNT_READ" />
68-->[com.onesignal:notifications:5.1.38] AndroidManifest.xml:43:5-88
68-->[com.onesignal:notifications:5.1.38] AndroidManifest.xml:43:22-85
69    <uses-permission android:name="me.everything.badger.permission.BADGE_COUNT_WRITE" />
69-->[com.onesignal:notifications:5.1.38] AndroidManifest.xml:44:5-89
69-->[com.onesignal:notifications:5.1.38] AndroidManifest.xml:44:22-86
70
71    <uses-feature
71-->[com.google.android.gms:play-services-maps:19.1.0] AndroidManifest.xml:22:5-24:33
72        android:glEsVersion="0x00020000"
72-->[com.google.android.gms:play-services-maps:19.1.0] AndroidManifest.xml:23:8-40
73        android:required="true" />
73-->[com.google.android.gms:play-services-maps:19.1.0] AndroidManifest.xml:24:8-31
74
75    <uses-permission android:name="com.google.android.providers.gsf.permission.READ_GSERVICES" />
75-->[com.google.android.recaptcha:recaptcha:18.6.1] AndroidManifest.xml:9:5-98
75-->[com.google.android.recaptcha:recaptcha:18.6.1] AndroidManifest.xml:9:22-95
76    <uses-permission android:name="android.permission.FOREGROUND_SERVICE" />
76-->[androidx.work:work-runtime:2.9.1] AndroidManifest.xml:26:5-77
76-->[androidx.work:work-runtime:2.9.1] AndroidManifest.xml:26:22-74
77
78    <permission
78-->[androidx.core:core:1.16.0] AndroidManifest.xml:22:5-24:47
79        android:name="com.w3cart.DYNAMIC_RECEIVER_NOT_EXPORTED_PERMISSION"
79-->[androidx.core:core:1.16.0] AndroidManifest.xml:23:9-81
80        android:protectionLevel="signature" />
80-->[androidx.core:core:1.16.0] AndroidManifest.xml:24:9-44
81
82    <uses-permission android:name="com.w3cart.DYNAMIC_RECEIVER_NOT_EXPORTED_PERMISSION" />
82-->[androidx.core:core:1.16.0] AndroidManifest.xml:26:5-97
82-->[androidx.core:core:1.16.0] AndroidManifest.xml:26:22-94
83
84    <application
84-->src/main/AndroidManifest.xml:15:5-35:19
85        android:name="com.w3cart.MainApplication"
85-->src/main/AndroidManifest.xml:16:7-38
86        android:allowBackup="false"
86-->src/main/AndroidManifest.xml:20:7-34
87        android:appComponentFactory="androidx.core.app.CoreComponentFactory"
87-->[androidx.core:core:1.16.0] AndroidManifest.xml:28:18-86
88        android:extractNativeLibs="false"
89        android:icon="@mipmap/ic_launcher"
89-->src/main/AndroidManifest.xml:18:7-41
90        android:label="@string/app_name"
90-->src/main/AndroidManifest.xml:17:7-39
91        android:roundIcon="@mipmap/ic_launcher_round"
91-->src/main/AndroidManifest.xml:19:7-52
92        android:supportsRtl="true"
92-->src/main/AndroidManifest.xml:22:7-33
93        android:theme="@style/AppTheme" >
93-->src/main/AndroidManifest.xml:21:7-38
94        <activity
94-->src/main/AndroidManifest.xml:23:7-34:18
95            android:name="com.w3cart.MainActivity"
95-->src/main/AndroidManifest.xml:24:9-37
96            android:configChanges="keyboard|keyboardHidden|orientation|screenLayout|screenSize|smallestScreenSize|uiMode"
96-->src/main/AndroidManifest.xml:26:9-118
97            android:exported="true"
97-->src/main/AndroidManifest.xml:29:9-32
98            android:label="@string/app_name"
98-->src/main/AndroidManifest.xml:25:9-41
99            android:launchMode="singleTask"
99-->src/main/AndroidManifest.xml:27:9-40
100            android:windowSoftInputMode="adjustResize" >
100-->src/main/AndroidManifest.xml:28:9-51
101            <intent-filter>
101-->src/main/AndroidManifest.xml:30:9-33:25
102                <action android:name="android.intent.action.MAIN" />
102-->src/main/AndroidManifest.xml:31:13-65
102-->src/main/AndroidManifest.xml:31:21-62
103
104                <category android:name="android.intent.category.LAUNCHER" />
104-->src/main/AndroidManifest.xml:32:13-73
104-->src/main/AndroidManifest.xml:32:23-70
105            </intent-filter>
106        </activity>
107        <activity
107-->[:stripe_stripe-react-native] AndroidManifest.xml:8:9-14:74
108            android:name="com.reactnativestripesdk.CustomPaymentMethodActivity"
108-->[:stripe_stripe-react-native] AndroidManifest.xml:9:13-80
109            android:excludeFromRecents="true"
109-->[:stripe_stripe-react-native] AndroidManifest.xml:10:13-46
110            android:exported="false"
110-->[:stripe_stripe-react-native] AndroidManifest.xml:11:13-37
111            android:launchMode="singleTop"
111-->[:stripe_stripe-react-native] AndroidManifest.xml:12:13-43
112            android:noHistory="true"
112-->[:stripe_stripe-react-native] AndroidManifest.xml:13:13-37
113            android:theme="@style/Theme.StripeReactNative.Transparent" />
113-->[:stripe_stripe-react-native] AndroidManifest.xml:14:13-71
114
115        <service
115-->[:react-native-firebase_messaging] AndroidManifest.xml:12:9-14:40
116            android:name="io.invertase.firebase.messaging.ReactNativeFirebaseMessagingHeadlessService"
116-->[:react-native-firebase_messaging] AndroidManifest.xml:13:13-103
117            android:exported="false" />
117-->[:react-native-firebase_messaging] AndroidManifest.xml:14:13-37
118        <service
118-->[:react-native-firebase_messaging] AndroidManifest.xml:15:9-21:19
119            android:name="io.invertase.firebase.messaging.ReactNativeFirebaseMessagingService"
119-->[:react-native-firebase_messaging] AndroidManifest.xml:16:13-95
120            android:exported="false" >
120-->[:react-native-firebase_messaging] AndroidManifest.xml:17:13-37
121            <intent-filter>
121-->[:react-native-firebase_messaging] AndroidManifest.xml:18:13-20:29
122                <action android:name="com.google.firebase.MESSAGING_EVENT" />
122-->[:react-native-firebase_messaging] AndroidManifest.xml:19:17-78
122-->[:react-native-firebase_messaging] AndroidManifest.xml:19:25-75
123            </intent-filter>
124        </service>
125
126        <receiver
126-->[:react-native-firebase_messaging] AndroidManifest.xml:23:9-30:20
127            android:name="io.invertase.firebase.messaging.ReactNativeFirebaseMessagingReceiver"
127-->[:react-native-firebase_messaging] AndroidManifest.xml:24:13-96
128            android:exported="true"
128-->[:react-native-firebase_messaging] AndroidManifest.xml:25:13-36
129            android:permission="com.google.android.c2dm.permission.SEND" >
129-->[:react-native-firebase_messaging] AndroidManifest.xml:26:13-73
130            <intent-filter>
130-->[:react-native-firebase_messaging] AndroidManifest.xml:27:13-29:29
131                <action android:name="com.google.android.c2dm.intent.RECEIVE" />
131-->[:react-native-firebase_messaging] AndroidManifest.xml:28:17-81
131-->[:react-native-firebase_messaging] AndroidManifest.xml:28:25-78
132            </intent-filter>
133        </receiver>
134
135        <meta-data
135-->[:react-native-firebase_messaging] AndroidManifest.xml:32:9-34:37
136            android:name="delivery_metrics_exported_to_big_query_enabled"
136-->[:react-native-firebase_messaging] AndroidManifest.xml:33:13-74
137            android:value="false" />
137-->[:react-native-firebase_messaging] AndroidManifest.xml:34:13-34
138        <meta-data
138-->[:react-native-firebase_messaging] AndroidManifest.xml:35:9-37:36
139            android:name="firebase_messaging_auto_init_enabled"
139-->[:react-native-firebase_messaging] AndroidManifest.xml:36:13-64
140            android:value="true" />
140-->[:react-native-firebase_messaging] AndroidManifest.xml:37:13-33
141        <meta-data
141-->[:react-native-firebase_messaging] AndroidManifest.xml:38:9-40:37
142            android:name="firebase_messaging_notification_delegation_enabled"
142-->[:react-native-firebase_messaging] AndroidManifest.xml:39:13-78
143            android:value="false" />
143-->[:react-native-firebase_messaging] AndroidManifest.xml:40:13-34
144        <meta-data
144-->[:react-native-firebase_messaging] AndroidManifest.xml:41:9-43:32
145            android:name="com.google.firebase.messaging.default_notification_channel_id"
145-->[:react-native-firebase_messaging] AndroidManifest.xml:42:13-89
146            android:value="" />
146-->[:react-native-firebase_messaging] AndroidManifest.xml:43:13-29
147        <meta-data
147-->[:react-native-firebase_messaging] AndroidManifest.xml:44:9-46:47
148            android:name="com.google.firebase.messaging.default_notification_color"
148-->[:react-native-firebase_messaging] AndroidManifest.xml:45:13-84
149            android:resource="@color/white" />
149-->[:react-native-firebase_messaging] AndroidManifest.xml:46:13-44
150        <meta-data
150-->[:react-native-firebase_app] AndroidManifest.xml:9:9-11:36
151            android:name="app_data_collection_default_enabled"
151-->[:react-native-firebase_app] AndroidManifest.xml:10:13-63
152            android:value="true" />
152-->[:react-native-firebase_app] AndroidManifest.xml:11:13-33
153
154        <service
154-->[:react-native-firebase_app] AndroidManifest.xml:13:9-21:19
155            android:name="com.google.firebase.components.ComponentDiscoveryService"
155-->[:react-native-firebase_app] AndroidManifest.xml:14:13-84
156            android:directBootAware="true"
156-->[:react-native-firebase_app] AndroidManifest.xml:15:13-43
157            android:exported="false" >
157-->[:react-native-firebase_app] AndroidManifest.xml:16:13-37
158            <meta-data
158-->[:react-native-firebase_app] AndroidManifest.xml:18:13-20:85
159                android:name="com.google.firebase.components:io.invertase.firebase.app.ReactNativeFirebaseAppRegistrar"
159-->[:react-native-firebase_app] AndroidManifest.xml:19:17-120
160                android:value="com.google.firebase.components.ComponentRegistrar" />
160-->[:react-native-firebase_app] AndroidManifest.xml:20:17-82
161            <meta-data
161-->[com.google.firebase:firebase-auth:24.0.1] AndroidManifest.xml:69:13-71:85
162                android:name="com.google.firebase.components:com.google.firebase.auth.FirebaseAuthRegistrar"
162-->[com.google.firebase:firebase-auth:24.0.1] AndroidManifest.xml:70:17-109
163                android:value="com.google.firebase.components.ComponentRegistrar" />
163-->[com.google.firebase:firebase-auth:24.0.1] AndroidManifest.xml:71:17-82
164            <meta-data
164-->[com.google.firebase:firebase-firestore:26.0.2] AndroidManifest.xml:17:13-19:85
165                android:name="com.google.firebase.components:com.google.firebase.firestore.FirebaseFirestoreKtxRegistrar"
165-->[com.google.firebase:firebase-firestore:26.0.2] AndroidManifest.xml:18:17-122
166                android:value="com.google.firebase.components.ComponentRegistrar" />
166-->[com.google.firebase:firebase-firestore:26.0.2] AndroidManifest.xml:19:17-82
167            <meta-data
167-->[com.google.firebase:firebase-firestore:26.0.2] AndroidManifest.xml:20:13-22:85
168                android:name="com.google.firebase.components:com.google.firebase.firestore.FirestoreRegistrar"
168-->[com.google.firebase:firebase-firestore:26.0.2] AndroidManifest.xml:21:17-111
169                android:value="com.google.firebase.components.ComponentRegistrar" />
169-->[com.google.firebase:firebase-firestore:26.0.2] AndroidManifest.xml:22:17-82
170            <meta-data
170-->[com.google.firebase:firebase-messaging:25.0.1] AndroidManifest.xml:57:13-59:85
171                android:name="com.google.firebase.components:com.google.firebase.messaging.FirebaseMessagingKtxRegistrar"
171-->[com.google.firebase:firebase-messaging:25.0.1] AndroidManifest.xml:58:17-122
172                android:value="com.google.firebase.components.ComponentRegistrar" />
172-->[com.google.firebase:firebase-messaging:25.0.1] AndroidManifest.xml:59:17-82
173            <meta-data
173-->[com.google.firebase:firebase-messaging:25.0.1] AndroidManifest.xml:60:13-62:85
174                android:name="com.google.firebase.components:com.google.firebase.messaging.FirebaseMessagingRegistrar"
174-->[com.google.firebase:firebase-messaging:25.0.1] AndroidManifest.xml:61:17-119
175                android:value="com.google.firebase.components.ComponentRegistrar" />
175-->[com.google.firebase:firebase-messaging:25.0.1] AndroidManifest.xml:62:17-82
176            <meta-data
176-->[com.google.firebase:firebase-installations:19.0.1] AndroidManifest.xml:15:13-17:85
177                android:name="com.google.firebase.components:com.google.firebase.installations.FirebaseInstallationsKtxRegistrar"
177-->[com.google.firebase:firebase-installations:19.0.1] AndroidManifest.xml:16:17-130
178                android:value="com.google.firebase.components.ComponentRegistrar" />
178-->[com.google.firebase:firebase-installations:19.0.1] AndroidManifest.xml:17:17-82
179            <meta-data
179-->[com.google.firebase:firebase-installations:19.0.1] AndroidManifest.xml:18:13-20:85
180                android:name="com.google.firebase.components:com.google.firebase.installations.FirebaseInstallationsRegistrar"
180-->[com.google.firebase:firebase-installations:19.0.1] AndroidManifest.xml:19:17-127
181                android:value="com.google.firebase.components.ComponentRegistrar" />
181-->[com.google.firebase:firebase-installations:19.0.1] AndroidManifest.xml:20:17-82
182            <meta-data
182-->[com.google.firebase:firebase-common:22.0.1] AndroidManifest.xml:35:13-37:85
183                android:name="com.google.firebase.components:com.google.firebase.FirebaseCommonKtxRegistrar"
183-->[com.google.firebase:firebase-common:22.0.1] AndroidManifest.xml:36:17-109
184                android:value="com.google.firebase.components.ComponentRegistrar" />
184-->[com.google.firebase:firebase-common:22.0.1] AndroidManifest.xml:37:17-82
185            <meta-data
185-->[com.google.firebase:firebase-datatransport:18.2.0] AndroidManifest.xml:25:13-27:85
186                android:name="com.google.firebase.components:com.google.firebase.datatransport.TransportRegistrar"
186-->[com.google.firebase:firebase-datatransport:18.2.0] AndroidManifest.xml:26:17-115
187                android:value="com.google.firebase.components.ComponentRegistrar" />
187-->[com.google.firebase:firebase-datatransport:18.2.0] AndroidManifest.xml:27:17-82
188        </service>
189
190        <provider
190-->[:react-native-firebase_app] AndroidManifest.xml:23:9-27:38
191            android:name="io.invertase.firebase.app.ReactNativeFirebaseAppInitProvider"
191-->[:react-native-firebase_app] AndroidManifest.xml:24:13-88
192            android:authorities="com.w3cart.reactnativefirebaseappinitprovider"
192-->[:react-native-firebase_app] AndroidManifest.xml:25:13-86
193            android:exported="false"
193-->[:react-native-firebase_app] AndroidManifest.xml:26:13-37
194            android:initOrder="99" />
194-->[:react-native-firebase_app] AndroidManifest.xml:27:13-35
195
196        <activity
196-->[com.stripe:financial-connections:21.29.2] AndroidManifest.xml:21:9-65:20
197            android:name="com.stripe.android.financialconnections.FinancialConnectionsSheetRedirectActivity"
197-->[com.stripe:financial-connections:21.29.2] AndroidManifest.xml:22:13-109
198            android:exported="true"
198-->[com.stripe:financial-connections:21.29.2] AndroidManifest.xml:23:13-36
199            android:launchMode="singleTask" >
199-->[com.stripe:financial-connections:21.29.2] AndroidManifest.xml:24:13-44
200            <intent-filter>
200-->[com.stripe:financial-connections:21.29.2] AndroidManifest.xml:25:13-64:29
201                <action android:name="android.intent.action.VIEW" />
201-->[com.stripe:financial-connections:21.29.2] AndroidManifest.xml:14:13-65
201-->[com.stripe:financial-connections:21.29.2] AndroidManifest.xml:14:21-62
202
203                <category android:name="android.intent.category.DEFAULT" />
203-->[com.stripe:financial-connections:21.29.2] AndroidManifest.xml:28:17-76
203-->[com.stripe:financial-connections:21.29.2] AndroidManifest.xml:28:27-73
204                <category android:name="android.intent.category.BROWSABLE" />
204-->[com.stripe:financial-connections:21.29.2] AndroidManifest.xml:29:17-78
204-->[com.stripe:financial-connections:21.29.2] AndroidManifest.xml:29:27-75
205
206                <!-- Returning from app2app: return_url is triggered to reopen web AuthFlow and poll accounts. -->
207                <data
207-->[com.stripe:financial-connections:21.29.2] AndroidManifest.xml:16:13-43
208                    android:host="link-accounts"
209                    android:pathPrefix="/com.w3cart/authentication_return"
210                    android:scheme="stripe-auth" />
210-->[com.stripe:financial-connections:21.29.2] AndroidManifest.xml:16:19-40
211
212                <!-- Returning from app2app: return_url is triggered to reopen native AuthFlow and poll accounts. -->
213                <data
213-->[com.stripe:financial-connections:21.29.2] AndroidManifest.xml:16:13-43
214                    android:host="link-native-accounts"
215                    android:pathPrefix="/com.w3cart/authentication_return"
216                    android:scheme="stripe-auth" />
216-->[com.stripe:financial-connections:21.29.2] AndroidManifest.xml:16:19-40
217
218                <!-- End of web AuthFlow success and cancel URIs that begin with "stripe-auth://link-accounts/{app-id}/...” -->
219                <data
219-->[com.stripe:financial-connections:21.29.2] AndroidManifest.xml:16:13-43
220                    android:host="link-accounts"
221                    android:path="/com.w3cart/success"
222                    android:scheme="stripe-auth" />
222-->[com.stripe:financial-connections:21.29.2] AndroidManifest.xml:16:19-40
223                <data
223-->[com.stripe:financial-connections:21.29.2] AndroidManifest.xml:16:13-43
224                    android:host="link-accounts"
225                    android:path="/com.w3cart/cancel"
226                    android:scheme="stripe-auth" />
226-->[com.stripe:financial-connections:21.29.2] AndroidManifest.xml:16:19-40
227
228                <!-- Opening app2app: Web flow triggers stripe-auth://native-redirect/{app-id}/http://web-that-redirects-to-native -->
229                <data
229-->[com.stripe:financial-connections:21.29.2] AndroidManifest.xml:16:13-43
230                    android:host="native-redirect"
231                    android:pathPrefix="/com.w3cart"
232                    android:scheme="stripe-auth" />
232-->[com.stripe:financial-connections:21.29.2] AndroidManifest.xml:16:19-40
233
234                <!-- Accepts success/cancel/fail URIs that begin with "stripe://auth-redirect” -->
235                <data
235-->[com.stripe:financial-connections:21.29.2] AndroidManifest.xml:16:13-43
236                    android:host="auth-redirect"
237                    android:pathPrefix="/com.w3cart"
238                    android:scheme="stripe" />
238-->[com.stripe:financial-connections:21.29.2] AndroidManifest.xml:16:19-40
239            </intent-filter>
240        </activity>
241        <activity
241-->[com.stripe:financial-connections:21.29.2] AndroidManifest.xml:66:9-69:77
242            android:name="com.stripe.android.financialconnections.FinancialConnectionsSheetActivity"
242-->[com.stripe:financial-connections:21.29.2] AndroidManifest.xml:67:13-101
243            android:exported="false"
243-->[com.stripe:financial-connections:21.29.2] AndroidManifest.xml:68:13-37
244            android:theme="@style/StripeFinancialConnectionsDefaultTheme" />
244-->[com.stripe:financial-connections:21.29.2] AndroidManifest.xml:69:13-74
245        <activity
245-->[com.stripe:financial-connections:21.29.2] AndroidManifest.xml:70:9-74:58
246            android:name="com.stripe.android.financialconnections.ui.FinancialConnectionsSheetNativeActivity"
246-->[com.stripe:financial-connections:21.29.2] AndroidManifest.xml:71:13-110
247            android:exported="false"
247-->[com.stripe:financial-connections:21.29.2] AndroidManifest.xml:72:13-37
248            android:theme="@style/StripeFinancialConnectionsDefaultTheme"
248-->[com.stripe:financial-connections:21.29.2] AndroidManifest.xml:73:13-74
249            android:windowSoftInputMode="adjustResize" />
249-->[com.stripe:financial-connections:21.29.2] AndroidManifest.xml:74:13-55
250        <activity
250-->[com.stripe:paymentsheet:21.29.2] AndroidManifest.xml:8:9-11:69
251            android:name="com.stripe.android.paymentsheet.PaymentSheetActivity"
251-->[com.stripe:paymentsheet:21.29.2] AndroidManifest.xml:9:13-80
252            android:exported="false"
252-->[com.stripe:paymentsheet:21.29.2] AndroidManifest.xml:10:13-37
253            android:theme="@style/StripePaymentSheetDefaultTheme" />
253-->[com.stripe:paymentsheet:21.29.2] AndroidManifest.xml:11:13-66
254        <activity
254-->[com.stripe:paymentsheet:21.29.2] AndroidManifest.xml:12:9-15:69
255            android:name="com.stripe.android.paymentsheet.PaymentOptionsActivity"
255-->[com.stripe:paymentsheet:21.29.2] AndroidManifest.xml:13:13-82
256            android:exported="false"
256-->[com.stripe:paymentsheet:21.29.2] AndroidManifest.xml:14:13-37
257            android:theme="@style/StripePaymentSheetDefaultTheme" />
257-->[com.stripe:paymentsheet:21.29.2] AndroidManifest.xml:15:13-66
258        <activity
258-->[com.stripe:paymentsheet:21.29.2] AndroidManifest.xml:16:9-19:69
259            android:name="com.stripe.android.customersheet.CustomerSheetActivity"
259-->[com.stripe:paymentsheet:21.29.2] AndroidManifest.xml:17:13-82
260            android:exported="false"
260-->[com.stripe:paymentsheet:21.29.2] AndroidManifest.xml:18:13-37
261            android:theme="@style/StripePaymentSheetDefaultTheme" />
261-->[com.stripe:paymentsheet:21.29.2] AndroidManifest.xml:19:13-66
262        <activity
262-->[com.stripe:paymentsheet:21.29.2] AndroidManifest.xml:20:9-23:69
263            android:name="com.stripe.android.paymentsheet.addresselement.AddressElementActivity"